<?xml version="1.0" encoding="UTF-8"?><testrun name="SoldadoTest" project="TP3" tests="27" started="27" failures="1" errors="0" ignored="0">
  <testsuite name="personaje.SoldadoTest" time="0.001">
    <testcase name="equiparCapaEscudoPunialTest" classname="personaje.SoldadoTest" time="0.0"/>
    <testcase name="puedeRestaurarEnergia" classname="personaje.SoldadoTest" time="0.0"/>
    <testcase name="noAtacarMuertos" classname="personaje.SoldadoTest" time="0.0"/>
    <testcase name="restaurarEnergia" classname="personaje.SoldadoTest" time="0.0"/>
    <testcase name="equiparPunialCapaTest" classname="personaje.SoldadoTest" time="0.0"/>
    <testcase name="noPoderAtacarAgotado" classname="personaje.SoldadoTest" time="0.0"/>
    <testcase name="equiparPunialTest" classname="personaje.SoldadoTest" time="0.0"/>
    <testcase name="distanciaNoValidaParaCombate" classname="personaje.SoldadoTest" time="0.0"/>
    <testcase name="distanciaValidaParaCombate" classname="personaje.SoldadoTest" time="0.0"/>
    <testcase name="noPoderAtacarEstandoMuerto" classname="personaje.SoldadoTest" time="0.0"/>
    <testcase name="equiparEscudoPunialTest" classname="personaje.SoldadoTest" time="0.0"/>
    <testcase name="equiparCapaPunialTest" classname="personaje.SoldadoTest" time="0.0"/>
    <testcase name="equiparCapaPunialEscudoTest" classname="personaje.SoldadoTest" time="0.0"/>
    <testcase name="equiparCapaTest" classname="personaje.SoldadoTest" time="0.0"/>
    <testcase name="noAtacarAgotado" classname="personaje.SoldadoTest" time="0.0"/>
    <testcase name="noAtacarEstandoMuerto" classname="personaje.SoldadoTest" time="0.0"/>
    <testcase name="crearNuevoTest" classname="personaje.SoldadoTest" time="0.0"/>
    <testcase name="equiparEscudoTest" classname="personaje.SoldadoTest" time="0.0"/>
    <testcase name="agotarEnergia" classname="personaje.SoldadoTest" time="0.0"/>
    <testcase name="equiparPunialCapaEscudoTest" classname="personaje.SoldadoTest" time="0.0"/>
    <testcase name="noSeAutoAtaca" classname="personaje.SoldadoTest" time="0.0"/>
    <testcase name="noReponerEnergiaSiEstaAlPalo" classname="personaje.SoldadoTest" time="0.0"/>
    <testcase name="noPoderAtacarMuertos" classname="personaje.SoldadoTest" time="0.0"/>
    <testcase name="equiparCapaEscudoTest" classname="personaje.SoldadoTest" time="0.0"/>
    <testcase name="equiparEscudoCapaTest" classname="personaje.SoldadoTest" time="0.0">
      <failure>java.lang.AssertionError
	at org.junit.Assert.fail(Assert.java:86)
	at org.junit.Assert.assertTrue(Assert.java:41)
	at org.junit.Assert.assertTrue(Assert.java:52)
	at personaje.SoldadoTest.equiparEscudoCapaTest(SoldadoTest.java:78)
	at sun.reflect.NativeMethodAccessorImpl.invoke0(Native Method)
	at sun.reflect.NativeMethodAccessorImpl.invoke(NativeMethodAccessorImpl.java:62)
	at sun.reflect.DelegatingMethodAccessorImpl.invoke(DelegatingMethodAccessorImpl.java:43)
	at java.lang.reflect.Method.invoke(Method.java:498)
	at org.junit.runners.model.FrameworkMethod$1.runReflectiveCall(FrameworkMethod.java:50)
	at org.junit.internal.runners.model.ReflectiveCallable.run(ReflectiveCallable.java:12)
	at org.junit.runners.model.FrameworkMethod.invokeExplosively(FrameworkMethod.java:47)
	at org.junit.internal.runners.statements.InvokeMethod.evaluate(InvokeMethod.java:17)
	at org.junit.runners.ParentRunner.runLeaf(ParentRunner.java:325)
	at org.junit.runners.BlockJUnit4ClassRunner.runChild(BlockJUnit4ClassRunner.java:78)
	at org.junit.runners.BlockJUnit4ClassRunner.runChild(BlockJUnit4ClassRunner.java:57)
	at org.junit.runners.ParentRunner$3.run(ParentRunner.java:290)
	at org.junit.runners.ParentRunner$1.schedule(ParentRunner.java:71)
	at org.junit.runners.ParentRunner.runChildren(ParentRunner.java:288)
	at org.junit.runners.ParentRunner.access$000(ParentRunner.java:58)
	at org.junit.runners.ParentRunner$2.evaluate(ParentRunner.java:268)
	at org.junit.runners.ParentRunner.run(ParentRunner.java:363)
	at org.eclipse.jdt.internal.junit4.runner.JUnit4TestReference.run(JUnit4TestReference.java:86)
	at org.eclipse.jdt.internal.junit.runner.TestExecution.run(TestExecution.java:38)
	at org.eclipse.jdt.internal.junit.runner.RemoteTestRunner.runTests(RemoteTestRunner.java:459)
	at org.eclipse.jdt.internal.junit.runner.RemoteTestRunner.runTests(RemoteTestRunner.java:678)
	at org.eclipse.jdt.internal.junit.runner.RemoteTestRunner.run(RemoteTestRunner.java:382)
	at org.eclipse.jdt.internal.junit.runner.RemoteTestRunner.main(RemoteTestRunner.java:192)

</failure>
    </testcase>
    <testcase name="equiparEscudoCapaPunialTest" classname="personaje.SoldadoTest" time="0.0"/>
    <testcase name="equiparPunialEscudoTest" classname="personaje.SoldadoTest" time="0.0"/>
  </testsuite>
</testrun>
